<?xml version="1.0" encoding="UTF-8"?>
<!-- Generated by org.testng.reporters.JUnitXMLReporter -->
<testsuite hostname="NC-laptop01" ignored="0" name="Default test" tests="3" failures="0" timestamp="2021-01-26T21:11:49 MST" time="18.008" errors="0">
  <testcase name="landingPageTitleTest" time="0.015" classname="tests.LandingPageTest"/>
  <testcase name="logoTest" time="0.092" classname="tests.LandingPageTest"/>
  <testcase name="signinLinkTest" time="3.441" classname="tests.LandingPageTest"/>
</testsuite> <!-- Default test -->
