<?xml version="1.0" encoding="UTF-8"?>
<!-- Generated by org.testng.reporters.JUnitXMLReporter -->
<testsuite hostname="NC-laptop01" ignored="3" name="Default test" tests="6" failures="0" timestamp="2021-01-27T09:12:19 MST" time="46.461" errors="0">
  <testcase name="inValidLoginTest" time="0.786" classname="tests.LoginPageTest"/>
  <testcase name="inValidLoginTest" time="2.544" classname="tests.LoginPageTest"/>
  <testcase name="inValidLoginTest" time="0.937" classname="tests.LoginPageTest"/>
  <testcase name="inValidLoginTest" time="1.343" classname="tests.LoginPageTest"/>
  <testcase name="inValidLoginTest" time="0.941" classname="tests.LoginPageTest"/>
  <testcase name="inValidLoginTest" time="0.852" classname="tests.LoginPageTest"/>
  <testcase name="validLoginTest" time="0.0" classname="tests.LoginPageTest">
    <ignored/>
  </testcase> <!-- validLoginTest -->
  <testcase name="logoTest" time="0.0" classname="tests.LoginPageTest">
    <ignored/>
  </testcase> <!-- logoTest -->
  <testcase name="verifyloginPageTitleTest" time="0.0" classname="tests.LoginPageTest">
    <ignored/>
  </testcase> <!-- verifyloginPageTitleTest -->
</testsuite> <!-- Default test -->
