<?xml version="1.0" encoding="UTF-8"?>
<!-- Generated by org.testng.reporters.JUnitXMLReporter -->
<testsuite hostname="NC-laptop01" ignored="0" name="automationPracticeApp Test cases" tests="12" failures="0" timestamp="2021-01-26T22:51:36 MST" time="82.302" errors="0">
  <testcase name="validLoginTest" time="1.531" classname="tests.LoginPageTest"/>
  <testcase name="verifyloginPageTitleTest" time="0.014" classname="tests.LoginPageTest"/>
  <testcase name="logoTest" time="0.072" classname="tests.LoginPageTest"/>
  <testcase name="inValidLoginTest" time="0.0" classname="tests.LoginPageTest">
    <skipped/>
  </testcase> <!-- inValidLoginTest -->
  <testcase name="AddtoCartTest" time="1.084" classname="tests.SearchPageTest"/>
  <testcase name="logoTest" time="0.036" classname="tests.SearchPageTest"/>
  <testcase name="verifySearchPageTitleTest" time="0.008" classname="tests.SearchPageTest"/>
  <testcase name="landingPageTitleTest" time="0.025" classname="tests.LandingPageTest"/>
  <testcase name="logoTest" time="0.037" classname="tests.LandingPageTest"/>
  <testcase name="signinLinkTest" time="2.535" classname="tests.LandingPageTest"/>
  <testcase name="verifyUserAccountNameTest" time="0.027" classname="tests.AccountPageTest"/>
  <testcase name="logoTest" time="0.044" classname="tests.AccountPageTest"/>
</testsuite> <!-- automationPracticeApp Test cases -->
